-------------------------------------------------------------------------------
Test set: io.maven.unittestcases.RunnerTest
-------------------------------------------------------------------------------
Tests run: 3, Failures: 1, Errors: 0, Skipped: 0, Time elapsed: 0.322 s <<< FAILURE! - in io.maven.unittestcases.RunnerTest
io.maven.unittestcases.RunnerTest.sumReturnsCorrectResult2  Time elapsed: 0.007 s  <<< FAILURE!
java.lang.AssertionError: expected:<1> but was:<3>
	at io.maven.unittestcases.RunnerTest.sumReturnsCorrectResult2(RunnerTest.java:37)

