<?xml version="1.0" encoding="UTF-8"?>
<testsuite xmlns:xsi="http://www.w3.org/2001/XMLSchema-instance" xsi:noNamespaceSchemaLocation="https://maven.apache.org/surefire/maven-surefire-plugin/xsd/surefire-test-report-3.0.xsd" version="3.0" name="io.maven.unittestcases.RunnerTest" time="0.322" tests="3" errors="0" skipped="0" failures="1">
  <properties>
[...]
</properties>
  <testcase name="sumReturnsCorrectResult1" classname="io.maven.unittestcases.RunnerTest" time="0.223">
    <system-out><![CDATA[
Running setUp...
Running sumReturnsCorrectResult...0

Running tearDown...
]]></system-out>
  </testcase>
  <testcase name="sumReturnsCorrectResult2" classname="io.maven.unittestcases.RunnerTest" time="0.007">
    <failure message="expected:&lt;1&gt; but was:&lt;3&gt;" type="java.lang.AssertionError"><![CDATA[java.lang.AssertionError: expected:<1> but was:<3>
	at io.maven.unittestcases.RunnerTest.sumReturnsCorrectResult2(RunnerTest.java:37)
]]></failure>
    <system-out><![CDATA[
Running setUp...
Running sumReturnsCorrectResult...

Running tearDown...
]]></system-out>
  </testcase>
  <testcase name="sumReturnsCorrectResult3" classname="io.maven.unittestcases.RunnerTest" time="0.001">
    <system-out><![CDATA[
Running setUp...
Running sumReturnsCorrectResult...

Running tearDown...
]]></system-out>
  </testcase>
</testsuite>